<?xml version="1.0" encoding="UTF-8"?>
<testsuite name="com.arturzarczynski.calculator.CalculatorApplicationTests" tests="1" skipped="0" failures="0" errors="0" timestamp="2021-12-05T21:12:59" hostname="centos" time="0.57">
  <properties/>
  <testcase name="contextLoads()" classname="com.arturzarczynski.calculator.CalculatorApplicationTests" time="0.57"/>
  <system-out><![CDATA[21:12:54.792 [Test worker] DEBUG org.springframework.test.context.BootstrapUtils - Instantiating CacheAwareContextLoaderDelegate from class [org.springframework.test.context.cache.DefaultCacheAwareContextLoaderDelegate]
21:12:54.818 [Test worker] DEBUG org.springframework.test.context.BootstrapUtils - Instantiating BootstrapContext using constructor [public org.springframework.test.context.support.DefaultBootstrapContext(java.lang.Class,org.springframework.test.context.CacheAwareContextLoaderDelegate)]
21:12:54.920 [Test worker] DEBUG org.springframework.test.context.BootstrapUtils - Instantiating TestContextBootstrapper for test class [com.arturzarczynski.calculator.CalculatorApplicationTests] from class [org.springframework.boot.test.context.SpringBootTestContextBootstrapper]
21:12:54.943 [Test worker] INFO org.springframework.boot.test.context.SpringBootTestContextBootstrapper - Neither @ContextConfiguration nor @ContextHierarchy found for test class [com.arturzarczynski.calculator.CalculatorApplicationTests], using SpringBootContextLoader
21:12:54.946 [Test worker] DEBUG org.springframework.test.context.support.AbstractContextLoader - Did not detect default resource location for test class [com.arturzarczynski.calculator.CalculatorApplicationTests]: class path resource [com/arturzarczynski/calculator/CalculatorApplicationTests-context.xml] does not exist
21:12:54.947 [Test worker] DEBUG org.springframework.test.context.support.AbstractContextLoader - Did not detect default resource location for test class [com.arturzarczynski.calculator.CalculatorApplicationTests]: class path resource [com/arturzarczynski/calculator/CalculatorApplicationTestsContext.groovy] does not exist
21:12:54.947 [Test worker] INFO org.springframework.test.context.support.AbstractContextLoader - Could not detect default resource locations for test class [com.arturzarczynski.calculator.CalculatorApplicationTests]: no resource found for suffixes {-context.xml, Context.groovy}.
21:12:54.948 [Test worker] INFO org.springframework.test.context.support.AnnotationConfigContextLoaderUtils - Could not detect default configuration classes for test class [com.arturzarczynski.calculator.CalculatorApplicationTests]: CalculatorApplicationTests does not declare any static, non-private, non-final, nested classes annotated with @Configuration.
21:12:55.054 [Test worker] DEBUG org.springframework.test.context.support.ActiveProfilesUtils - Could not find an 'annotation declaring class' for annotation type [org.springframework.test.context.ActiveProfiles] and class [com.arturzarczynski.calculator.CalculatorApplicationTests]
21:12:55.132 [Test worker] DEBUG org.springframework.context.annotation.ClassPathScanningCandidateComponentProvider - Identified candidate component class: file [/home/art/Devops/Projects/Proj01/calculator/build/classes/java/main/com/arturzarczynski/calculator/CalculatorApplication.class]
21:12:55.163 [Test worker] INFO org.springframework.boot.test.context.SpringBootTestContextBootstrapper - Found @SpringBootConfiguration com.arturzarczynski.calculator.CalculatorApplication for test class com.arturzarczynski.calculator.CalculatorApplicationTests
21:12:55.317 [Test worker] DEBUG org.springframework.boot.test.context.SpringBootTestContextBootstrapper - @TestExecutionListeners is not present for class [com.arturzarczynski.calculator.CalculatorApplicationTests]: using defaults.
21:12:55.318 [Test worker] INFO org.springframework.boot.test.context.SpringBootTestContextBootstrapper - Loaded default TestExecutionListener class names from location [META-INF/spring.factories]: [org.springframework.boot.test.autoconfigure.restdocs.RestDocsTestExecutionListener, org.springframework.boot.test.autoconfigure.web.client.MockRestServiceServerResetTestExecutionListener, org.springframework.boot.test.autoconfigure.web.servlet.MockMvcPrintOnlyOnFailureTestExecutionListener, org.springframework.boot.test.autoconfigure.web.servlet.WebDriverTestExecutionListener, org.springframework.boot.test.autoconfigure.webservices.client.MockWebServiceServerTestExecutionListener, org.springframework.boot.test.mock.mockito.MockitoTestExecutionListener, org.springframework.boot.test.mock.mockito.ResetMocksTestExecutionListener, org.springframework.test.context.web.ServletTestExecutionListener, org.springframework.test.context.support.DirtiesContextBeforeModesTestExecutionListener, org.springframework.test.context.event.ApplicationEventsTestExecutionListener, org.springframework.test.context.support.DependencyInjectionTestExecutionListener, org.springframework.test.context.support.DirtiesContextTestExecutionListener, org.springframework.test.context.transaction.TransactionalTestExecutionListener, org.springframework.test.context.jdbc.SqlScriptsTestExecutionListener, org.springframework.test.context.event.EventPublishingTestExecutionListener]
21:12:55.356 [Test worker] DEBUG org.springframework.boot.test.context.SpringBootTestContextBootstrapper - Skipping candidate TestExecutionListener [org.springframework.test.context.transaction.TransactionalTestExecutionListener] due to a missing dependency. Specify custom listener classes or make the default listener classes and their required dependencies available. Offending class: [org/springframework/transaction/interceptor/TransactionAttributeSource]
21:12:55.357 [Test worker] DEBUG org.springframework.boot.test.context.SpringBootTestContextBootstrapper - Skipping candidate TestExecutionListener [org.springframework.test.context.jdbc.SqlScriptsTestExecutionListener] due to a missing dependency. Specify custom listener classes or make the default listener classes and their required dependencies available. Offending class: [org/springframework/transaction/interceptor/TransactionAttribute]
21:12:55.357 [Test worker] INFO org.springframework.boot.test.context.SpringBootTestContextBootstrapper - Using TestExecutionListeners: [org.springframework.test.context.web.ServletTestExecutionListener@53f48368, org.springframework.test.context.support.DirtiesContextBeforeModesTestExecutionListener@24d4d7c9, org.springframework.test.context.event.ApplicationEventsTestExecutionListener@f0e995e, org.springframework.boot.test.mock.mockito.MockitoTestExecutionListener@4c37b5b, org.springframework.boot.test.autoconfigure.SpringBootDependencyInjectionTestExecutionListener@73db4768, org.springframework.test.context.support.DirtiesContextTestExecutionListener@71b3bc45, org.springframework.test.context.event.EventPublishingTestExecutionListener@a8c1f44, org.springframework.boot.test.autoconfigure.restdocs.RestDocsTestExecutionListener@150ab4ed, org.springframework.boot.test.autoconfigure.web.client.MockRestServiceServerResetTestExecutionListener@3c435123, org.springframework.boot.test.autoconfigure.web.servlet.MockMvcPrintOnlyOnFailureTestExecutionListener@50fe837a, org.springframework.boot.test.autoconfigure.web.servlet.WebDriverTestExecutionListener@3a62c01e, org.springframework.boot.test.autoconfigure.webservices.client.MockWebServiceServerTestExecutionListener@7a8fa663, org.springframework.boot.test.mock.mockito.ResetMocksTestExecutionListener@5ce33a58]
21:12:55.360 [Test worker] DEBUG org.springframework.test.context.support.AbstractDirtiesContextTestExecutionListener - Before test class: context [DefaultTestContext@44828f6b testClass = CalculatorApplicationTests, testInstance = [null], testMethod = [null], testException = [null], mergedContextConfiguration = [WebMergedContextConfiguration@2dbe250d testClass = CalculatorApplicationTests, locations = '{}', classes = '{class com.arturzarczynski.calculator.CalculatorApplication}', contextInitializerClasses = '[]', activeProfiles = '{}', propertySourceLocations = '{}', propertySourceProperties = '{org.springframework.boot.test.context.SpringBootTestContextBootstrapper=true}', contextCustomizers = set[org.springframework.boot.test.autoconfigure.actuate.metrics.MetricsExportContextCustomizerFactory$DisableMetricExportContextCustomizer@58ce9668, org.springframework.boot.test.autoconfigure.properties.PropertyMappingContextCustomizer@0, org.springframework.boot.test.autoconfigure.web.servlet.WebDriverContextCustomizerFactory$Customizer@6c2c1385, org.springframework.boot.test.context.filter.ExcludeFilterContextCustomizer@146dfe6, org.springframework.boot.test.json.DuplicateJsonObjectContextCustomizerFactory$DuplicateJsonObjectContextCustomizer@2f67b837, org.springframework.boot.test.mock.mockito.MockitoContextCustomizer@0, org.springframework.boot.test.web.client.TestRestTemplateContextCustomizer@60856961, org.springframework.boot.test.context.SpringBootTestArgs@1, org.springframework.boot.test.context.SpringBootTestWebEnvironment@313b2ea6], resourceBasePath = 'src/main/webapp', contextLoader = 'org.springframework.boot.test.context.SpringBootContextLoader', parent = [null]], attributes = map['org.springframework.test.context.web.ServletTestExecutionListener.activateListener' -> true]], class annotated with @DirtiesContext [false] with mode [null].
21:12:55.479 [Test worker] DEBUG org.springframework.boot.ApplicationServletEnvironment - Activating profiles []
21:12:55.480 [Test worker] DEBUG org.springframework.test.context.support.TestPropertySourceUtils - Adding inlined properties to environment: {spring.jmx.enabled=false, org.springframework.boot.test.context.SpringBootTestContextBootstrapper=true}

  .   ____          _            __ _ _
 /\\ / ___'_ __ _ _(_)_ __  __ _ \ \ \ \
( ( )\___ | '_ | '_| | '_ \/ _` | \ \ \ \
 \\/  ___)| |_)| | | | | || (_| |  ) ) ) )
  '  |____| .__|_| |_|_| |_\__, | / / / /
 =========|_|==============|___/=/_/_/_/
 :: Spring Boot ::                (v2.6.1)

2021-12-05 21:12:55.874  INFO 7140 --- [    Test worker] c.a.c.CalculatorApplicationTests         : Starting CalculatorApplicationTests using Java 11.0.13 on centos with PID 7140 (started by art in /home/art/Devops/Projects/Proj01/calculator)
2021-12-05 21:12:55.875  INFO 7140 --- [    Test worker] c.a.c.CalculatorApplicationTests         : No active profile set, falling back to default profiles: default
2021-12-05 21:12:59.094  INFO 7140 --- [    Test worker] c.a.c.CalculatorApplicationTests         : Started CalculatorApplicationTests in 3.613 seconds (JVM running for 6.218)
]]></system-out>
  <system-err><![CDATA[]]></system-err>
</testsuite>
